<?xml version="1.0" encoding="UTF-8" ?>
<testsuite errors="0" failures="0" name="cn.hxex.blog.test.AllTests" tests="1" time="0.872">
  <properties>
[...]
</properties>
  <testcase classname="cn.hxex.blog.test.TestDaoFactory" name="testDaoFactory" time="0.731"></testcase>
  <system-out><![CDATA[]]></system-out>
  <system-err><![CDATA[2006-7-31 20:52:27 cn.hxex.blog.dao.DaoFactory getDao
信息: Getting the dao:userDao
2006-7-31 20:52:27 cn.hxex.blog.dao.DaoFactory getDao
信息: Getting the dao:messageDao
]]></system-err>
</testsuite>
